#
# There is insufficient memory for the Java Runtime Environment to continue.
# Native memory allocation (malloc) failed to allocate 97776 bytes for Chunk::new
# Possible reasons:
#   The system is out of physical RAM or swap space
#   The process is running with CompressedOops enabled, and the Java Heap may be blocking the growth of the native heap
# Possible solutions:
#   Reduce memory load on the system
#   Increase physical memory or swap space
#   Check if swap backing store is full
#   Decrease Java heap size (-Xmx/-Xms)
#   Decrease number of Java threads
#   Decrease Java thread stack sizes (-Xss)
#   Set larger code cache with -XX:ReservedCodeCacheSize=
#   JVM is running with Unscaled Compressed Oops mode in which the Java heap is
#     placed in the first 4GB address space. The Java Heap base address is the
#     maximum limit for the native heap growth. Please use -XX:HeapBaseMinAddress
#     to set the Java Heap base and to place the Java Heap above 4GB virtual address.
# This output file may be truncated or incomplete.
#
#  Out of Memory Error (./open/src/hotspot/share/memory/arena.cpp:197), pid=14792, tid=2972
#
# JRE version: Java(TM) SE Runtime Environment 18.9 (11.0.14+8) (build 11.0.14+8-LTS-263)
# Java VM: Java HotSpot(TM) 64-Bit Server VM 18.9 (11.0.14+8-LTS-263, mixed mode, tiered, compressed oops, g1 gc, windows-amd64)
# No core dump will be written. Minidumps are not enabled by default on client versions of Windows
#

---------------  S U M M A R Y ------------

Command Line: -javaagent:C:\Program Files\JetBrains\IntelliJ IDEA Community Edition 2022.1.1\lib\idea_rt.jar=61921:C:\Program Files\JetBrains\IntelliJ IDEA Community Edition 2022.1.1\bin -Dfile.encoding=UTF-8 com.example.demo.DemoApplication

Host: Intel(R) Core(TM) i5-7300U CPU @ 2.60GHz, 4 cores, 3G,  Windows 10 , 64 bit Build 19041 (10.0.19041.1706)
Time: Thu May 19 13:45:41 2022 South Africa Standard Time elapsed time: 6.781565 seconds (0d 0h 0m 6s)

---------------  T H R E A D  ---------------

Current thread (0x000002495e943800):  JavaThread "C2 CompilerThread0" daemon [_thread_in_native, id=2972, stack(0x000000aba7b00000,0x000000aba7c00000)]


Current CompileTask:
C2:   6782 1691 % !   4       java.util.concurrent.ConcurrentHashMap::transfer @ 96 (828 bytes)

Stack: [0x000000aba7b00000,0x000000aba7c00000]
Native frames: (J=compiled Java code, j=interpreted, Vv=VM code, C=native code)
V  [jvm.dll+0x6296da]
V  [jvm.dll+0x76323f]
V  [jvm.dll+0x7648e9]
V  [jvm.dll+0x764f73]
V  [jvm.dll+0x23d7c8]
V  [jvm.dll+0xb297c]
V  [jvm.dll+0xb2f3c]
V  [jvm.dll+0x340e52]
V  [jvm.dll+0x18c60e]
V  [jvm.dll+0x1f8472]
V  [jvm.dll+0x1f754d]
V  [jvm.dll+0x177b21]
V  [jvm.dll+0x206e26]
V  [jvm.dll+0x204fbb]
V  [jvm.dll+0x729170]
V  [jvm.dll+0x721d44]
V  [jvm.dll+0x6285d6]
C  [ucrtbase.dll+0x21bb2]
C  [KERNEL32.DLL+0x17034]
C  [ntdll.dll+0x52651]


---------------  P R O C E S S  ---------------

Threads class SMR info:
_java_thread_list=0x000002495fc036d0, length=12, elements={
0x00000249430aa800, 0x000002495e8e1800, 0x000002495e8e3000, 0x000002495e93a800,
0x000002495e93b800, 0x000002495e93c800, 0x000002495e943800, 0x000002495e945000,
0x000002495eaae800, 0x000002495ebb1000, 0x000002495ee51000, 0x000002495fcb7000
}

Java Threads: ( => current thread )
  0x00000249430aa800 JavaThread "main" [_thread_in_native, id=7620, stack(0x000000aba6f00000,0x000000aba7000000)]
  0x000002495e8e1800 JavaThread "Reference Handler" daemon [_thread_blocked, id=3192, stack(0x000000aba7600000,0x000000aba7700000)]
  0x000002495e8e3000 JavaThread "Finalizer" daemon [_thread_blocked, id=11780, stack(0x000000aba7700000,0x000000aba7800000)]
  0x000002495e93a800 JavaThread "Signal Dispatcher" daemon [_thread_blocked, id=9968, stack(0x000000aba7800000,0x000000aba7900000)]
  0x000002495e93b800 JavaThread "Attach Listener" daemon [_thread_blocked, id=13392, stack(0x000000aba7900000,0x000000aba7a00000)]
  0x000002495e93c800 JavaThread "Service Thread" daemon [_thread_blocked, id=12148, stack(0x000000aba7a00000,0x000000aba7b00000)]
=>0x000002495e943800 JavaThread "C2 CompilerThread0" daemon [_thread_in_native, id=2972, stack(0x000000aba7b00000,0x000000aba7c00000)]
  0x000002495e945000 JavaThread "C1 CompilerThread0" daemon [_thread_blocked, id=7340, stack(0x000000aba7c00000,0x000000aba7d00000)]
  0x000002495eaae800 JavaThread "Sweeper thread" daemon [_thread_blocked, id=3776, stack(0x000000aba7d00000,0x000000aba7e00000)]
  0x000002495ebb1000 JavaThread "Common-Cleaner" daemon [_thread_blocked, id=11236, stack(0x000000aba7e00000,0x000000aba7f00000)]
  0x000002495ee51000 JavaThread "Monitor Ctrl-Break" daemon [_thread_in_native, id=13504, stack(0x000000aba7f00000,0x000000aba8000000)]
  0x000002495fcb7000 JavaThread "background-preinit" [_thread_in_vm, id=9320, stack(0x000000aba8200000,0x000000aba8300000)]

Other Threads:
  0x000002495e8b7000 VMThread "VM Thread" [stack: 0x000000aba7500000,0x000000aba7600000] [id=8548]
  0x000002495ee7d000 WatcherThread [stack: 0x000000aba8000000,0x000000aba8100000] [id=12952]
  0x00000249430c1000 GCTaskThread "GC Thread#0" [stack: 0x000000aba7000000,0x000000aba7100000] [id=2080]
  0x000002495f529800 GCTaskThread "GC Thread#1" [stack: 0x000000aba8100000,0x000000aba8200000] [id=7952]
  0x000002495fd60800 GCTaskThread "GC Thread#2" [stack: 0x000000aba8300000,0x000000aba8400000] [id=8616]
  0x000002495fefa800 GCTaskThread "GC Thread#3" [stack: 0x000000aba8400000,0x000000aba8500000] [id=14144]
  0x00000249430db000 ConcurrentGCThread "G1 Main Marker" [stack: 0x000000aba7100000,0x000000aba7200000] [id=13680]
  0x00000249430dd800 ConcurrentGCThread "G1 Conc#0" [stack: 0x000000aba7200000,0x000000aba7300000] [id=8636]
  0x0000024943132800 ConcurrentGCThread "G1 Refine#0" [stack: 0x000000aba7300000,0x000000aba7400000] [id=1532]
  0x0000024943134800 ConcurrentGCThread "G1 Young RemSet Sampling" [stack: 0x000000aba7400000,0x000000aba7500000] [id=14064]

Threads with active compile tasks:
C2 CompilerThread0   6945 1691 % !   4       java.util.concurrent.ConcurrentHashMap::transfer @ 96 (828 bytes)
C1 CompilerThread0   6945 1745       3       java.util.zip.ZipEntry::setExtra0 (493 bytes)

VM state:not at safepoint (normal execution)

VM Mutex/Monitor currently owned by a thread: None

Heap address: 0x00000000c1c00000, size: 996 MB, Compressed Oops mode: 32-bit
Narrow klass base: 0x0000000000000000, Narrow klass shift: 3
Compressed class space size: 1073741824 Address: 0x0000000100000000

Heap:
 garbage-first heap   total 65536K, used 7108K [0x00000000c1c00000, 0x0000000100000000)
  region size 1024K, 6 young (6144K), 3 survivors (3072K)
 Metaspace       used 21069K, capacity 21551K, committed 21760K, reserved 1073152K
  class space    used 2301K, capacity 2506K, committed 2560K, reserved 1048576K
Heap Regions: E=young(eden), S=young(survivor), O=old, HS=humongous(starts), HC=humongous(continues), CS=collection set, F=free, A=archive, TAMS=top-at-mark-start (previous, next)
|   0|0x00000000c1c00000, 0x00000000c1d00000, 0x00000000c1d00000|100%| O|  |TAMS 0x00000000c1d00000, 0x00000000c1c00000| Untracked 
|   1|0x00000000c1d00000, 0x00000000c1e00000, 0x00000000c1e00000|100%| O|  |TAMS 0x00000000c1e00000, 0x00000000c1d00000| Untracked 
|   2|0x00000000c1e00000, 0x00000000c1f00000, 0x00000000c1f00000|100%| O|  |TAMS 0x00000000c1f00000, 0x00000000c1e00000| Untracked 
|   3|0x00000000c1f00000, 0x00000000c1fa5200, 0x00000000c2000000| 64%| O|  |TAMS 0x00000000c1fa5200, 0x00000000c1f00000| Untracked 
|   4|0x00000000c2000000, 0x00000000c2000000, 0x00000000c2100000|  0%| F|  |TAMS 0x00000000c2000000, 0x00000000c2000000| Untracked 
|   5|0x00000000c2100000, 0x00000000c2100000, 0x00000000c2200000|  0%| F|  |TAMS 0x00000000c2100000, 0x00000000c2100000| Untracked 
|   6|0x00000000c2200000, 0x00000000c2200000, 0x00000000c2300000|  0%| F|  |TAMS 0x00000000c2200000, 0x00000000c2200000| Untracked 
|   7|0x00000000c2300000, 0x00000000c2300000, 0x00000000c2400000|  0%| F|  |TAMS 0x00000000c2300000, 0x00000000c2300000| Untracked 
|   8|0x00000000c2400000, 0x00000000c2400000, 0x00000000c2500000|  0%| F|  |TAMS 0x00000000c2400000, 0x00000000c2400000| Untracked 
|   9|0x00000000c2500000, 0x00000000c2500000, 0x00000000c2600000|  0%| F|  |TAMS 0x00000000c2500000, 0x00000000c2500000| Untracked 
|  10|0x00000000c2600000, 0x00000000c2600000, 0x00000000c2700000|  0%| F|  |TAMS 0x00000000c2600000, 0x00000000c2600000| Untracked 
|  11|0x00000000c2700000, 0x00000000c2700000, 0x00000000c2800000|  0%| F|  |TAMS 0x00000000c2700000, 0x00000000c2700000| Untracked 
|  12|0x00000000c2800000, 0x00000000c2800000, 0x00000000c2900000|  0%| F|  |TAMS 0x00000000c2800000, 0x00000000c2800000| Untracked 
|  13|0x00000000c2900000, 0x00000000c2900000, 0x00000000c2a00000|  0%| F|  |TAMS 0x00000000c2900000, 0x00000000c2900000| Untracked 
|  14|0x00000000c2a00000, 0x00000000c2a00000, 0x00000000c2b00000|  0%| F|  |TAMS 0x00000000c2a00000, 0x00000000c2a00000| Untracked 
|  15|0x00000000c2b00000, 0x00000000c2b00000, 0x00000000c2c00000|  0%| F|  |TAMS 0x00000000c2b00000, 0x00000000c2b00000| Untracked 
|  16|0x00000000c2c00000, 0x00000000c2c00000, 0x00000000c2d00000|  0%| F|  |TAMS 0x00000000c2c00000, 0x00000000c2c00000| Untracked 
|  17|0x00000000c2d00000, 0x00000000c2d00000, 0x00000000c2e00000|  0%| F|  |TAMS 0x00000000c2d00000, 0x00000000c2d00000| Untracked 
|  18|0x00000000c2e00000, 0x00000000c2e00000, 0x00000000c2f00000|  0%| F|  |TAMS 0x00000000c2e00000, 0x00000000c2e00000| Untracked 
|  19|0x00000000c2f00000, 0x00000000c2f00000, 0x00000000c3000000|  0%| F|  |TAMS 0x00000000c2f00000, 0x00000000c2f00000| Untracked 
|  20|0x00000000c3000000, 0x00000000c3000000, 0x00000000c3100000|  0%| F|  |TAMS 0x00000000c3000000, 0x00000000c3000000| Untracked 
|  21|0x00000000c3100000, 0x00000000c3100000, 0x00000000c3200000|  0%| F|  |TAMS 0x00000000c3100000, 0x00000000c3100000| Untracked 
|  22|0x00000000c3200000, 0x00000000c3200000, 0x00000000c3300000|  0%| F|  |TAMS 0x00000000c3200000, 0x00000000c3200000| Untracked 
|  23|0x00000000c3300000, 0x00000000c3300000, 0x00000000c3400000|  0%| F|  |TAMS 0x00000000c3300000, 0x00000000c3300000| Untracked 
|  24|0x00000000c3400000, 0x00000000c3400000, 0x00000000c3500000|  0%| F|  |TAMS 0x00000000c3400000, 0x00000000c3400000| Untracked 
|  25|0x00000000c3500000, 0x00000000c3500000, 0x00000000c3600000|  0%| F|  |TAMS 0x00000000c3500000, 0x00000000c3500000| Untracked 
|  26|0x00000000c3600000, 0x00000000c3600000, 0x00000000c3700000|  0%| F|  |TAMS 0x00000000c3600000, 0x00000000c3600000| Untracked 
|  27|0x00000000c3700000, 0x00000000c3700000, 0x00000000c3800000|  0%| F|  |TAMS 0x00000000c3700000, 0x00000000c3700000| Untracked 
|  28|0x00000000c3800000, 0x00000000c3800000, 0x00000000c3900000|  0%| F|  |TAMS 0x00000000c3800000, 0x00000000c3800000| Untracked 
|  29|0x00000000c3900000, 0x00000000c3900000, 0x00000000c3a00000|  0%| F|  |TAMS 0x00000000c3900000, 0x00000000c3900000| Untracked 
|  30|0x00000000c3a00000, 0x00000000c3a00000, 0x00000000c3b00000|  0%| F|  |TAMS 0x00000000c3a00000, 0x00000000c3a00000| Untracked 
|  31|0x00000000c3b00000, 0x00000000c3b00000, 0x00000000c3c00000|  0%| F|  |TAMS 0x00000000c3b00000, 0x00000000c3b00000| Untracked 
|  32|0x00000000c3c00000, 0x00000000c3c00000, 0x00000000c3d00000|  0%| F|  |TAMS 0x00000000c3c00000, 0x00000000c3c00000| Untracked 
|  33|0x00000000c3d00000, 0x00000000c3d00000, 0x00000000c3e00000|  0%| F|  |TAMS 0x00000000c3d00000, 0x00000000c3d00000| Untracked 
|  34|0x00000000c3e00000, 0x00000000c3e00000, 0x00000000c3f00000|  0%| F|  |TAMS 0x00000000c3e00000, 0x00000000c3e00000| Untracked 
|  35|0x00000000c3f00000, 0x00000000c3f00000, 0x00000000c4000000|  0%| F|  |TAMS 0x00000000c3f00000, 0x00000000c3f00000| Untracked 
|  36|0x00000000c4000000, 0x00000000c4000000, 0x00000000c4100000|  0%| F|  |TAMS 0x00000000c4000000, 0x00000000c4000000| Untracked 
|  37|0x00000000c4100000, 0x00000000c4100000, 0x00000000c4200000|  0%| F|  |TAMS 0x00000000c4100000, 0x00000000c4100000| Untracked 
|  38|0x00000000c4200000, 0x00000000c4200000, 0x00000000c4300000|  0%| F|  |TAMS 0x00000000c4200000, 0x00000000c4200000| Untracked 
|  39|0x00000000c4300000, 0x00000000c4300000, 0x00000000c4400000|  0%| F|  |TAMS 0x00000000c4300000, 0x00000000c4300000| Untracked 
|  40|0x00000000c4400000, 0x00000000c4400000, 0x00000000c4500000|  0%| F|  |TAMS 0x00000000c4400000, 0x00000000c4400000| Untracked 
|  41|0x00000000c4500000, 0x00000000c4500000, 0x00000000c4600000|  0%| F|  |TAMS 0x00000000c4500000, 0x00000000c4500000| Untracked 
|  42|0x00000000c4600000, 0x00000000c4600000, 0x00000000c4700000|  0%| F|  |TAMS 0x00000000c4600000, 0x00000000c4600000| Untracked 
|  43|0x00000000c4700000, 0x00000000c4700000, 0x00000000c4800000|  0%| F|  |TAMS 0x00000000c4700000, 0x00000000c4700000| Untracked 
|  44|0x00000000c4800000, 0x00000000c4800000, 0x00000000c4900000|  0%| F|  |TAMS 0x00000000c4800000, 0x00000000c4800000| Untracked 
|  45|0x00000000c4900000, 0x00000000c4900000, 0x00000000c4a00000|  0%| F|  |TAMS 0x00000000c4900000, 0x00000000c4900000| Untracked 
|  46|0x00000000c4a00000, 0x00000000c4a00000, 0x00000000c4b00000|  0%| F|  |TAMS 0x00000000c4a00000, 0x00000000c4a00000| Untracked 
|  47|0x00000000c4b00000, 0x00000000c4b00000, 0x00000000c4c00000|  0%| F|  |TAMS 0x00000000c4b00000, 0x00000000c4b00000| Untracked 
|  48|0x00000000c4c00000, 0x00000000c4c00000, 0x00000000c4d00000|  0%| F|  |TAMS 0x00000000c4c00000, 0x00000000c4c00000| Untracked 
|  49|0x00000000c4d00000, 0x00000000c4d00000, 0x00000000c4e00000|  0%| F|  |TAMS 0x00000000c4d00000, 0x00000000c4d00000| Untracked 
|  50|0x00000000c4e00000, 0x00000000c4e00000, 0x00000000c4f00000|  0%| F|  |TAMS 0x00000000c4e00000, 0x00000000c4e00000| Untracked 
|  51|0x00000000c4f00000, 0x00000000c4f00000, 0x00000000c5000000|  0%| F|  |TAMS 0x00000000c4f00000, 0x00000000c4f00000| Untracked 
|  52|0x00000000c5000000, 0x00000000c5000000, 0x00000000c5100000|  0%| F|  |TAMS 0x00000000c5000000, 0x00000000c5000000| Untracked 
|  53|0x00000000c5100000, 0x00000000c5100000, 0x00000000c5200000|  0%| F|  |TAMS 0x00000000c5100000, 0x00000000c5100000| Untracked 
|  54|0x00000000c5200000, 0x00000000c5200000, 0x00000000c5300000|  0%| F|  |TAMS 0x00000000c5200000, 0x00000000c5200000| Untracked 
|  55|0x00000000c5300000, 0x00000000c5300000, 0x00000000c5400000|  0%| F|  |TAMS 0x00000000c5300000, 0x00000000c5300000| Untracked 
|  56|0x00000000c5400000, 0x00000000c5400000, 0x00000000c5500000|  0%| F|  |TAMS 0x00000000c5400000, 0x00000000c5400000| Untracked 
|  57|0x00000000c5500000, 0x00000000c554c020, 0x00000000c5600000| 29%| S|CS|TAMS 0x00000000c5500000, 0x00000000c5500000| Complete 
|  58|0x00000000c5600000, 0x00000000c5700000, 0x00000000c5700000|100%| S|CS|TAMS 0x00000000c5600000, 0x00000000c5600000| Complete 
|  59|0x00000000c5700000, 0x00000000c5800000, 0x00000000c5800000|100%| S|CS|TAMS 0x00000000c5700000, 0x00000000c5700000| Complete 
|  60|0x00000000c5800000, 0x00000000c5800000, 0x00000000c5900000|  0%| F|  |TAMS 0x00000000c5800000, 0x00000000c5800000| Untracked 
|  61|0x00000000c5900000, 0x00000000c59e9278, 0x00000000c5a00000| 91%| E|  |TAMS 0x00000000c5900000, 0x00000000c5900000| Complete 
|  62|0x00000000c5a00000, 0x00000000c5b00000, 0x00000000c5b00000|100%| E|  |TAMS 0x00000000c5a00000, 0x00000000c5a00000| Complete 
|  63|0x00000000c5b00000, 0x00000000c5c00000, 0x00000000c5c00000|100%| E|CS|TAMS 0x00000000c5b00000, 0x00000000c5b00000| Complete 

Card table byte_map: [0x0000024959930000,0x0000024959b30000] _byte_map_base: 0x0000024959322000

Marking Bits (Prev, Next): (CMBitMap*) 0x00000249430d6660, (CMBitMap*) 0x00000249430d6628
 Prev Bits: [0x000002495acc0000, 0x000002495bc50000)
 Next Bits: [0x0000024959d30000, 0x000002495acc0000)

Polling page: 0x0000024942890000

Metaspace:

Usage:
  Non-class:     18.60 MB capacity,    18.36 MB ( 99%) used,   188.79 KB ( <1%) free+waste,    54.63 KB ( <1%) overhead. 
      Class:      2.45 MB capacity,     2.25 MB ( 92%) used,   174.09 KB (  7%) free+waste,    27.44 KB (  1%) overhead. 
       Both:     21.05 MB capacity,    20.61 MB ( 98%) used,   362.88 KB (  2%) free+waste,    82.06 KB ( <1%) overhead. 

Virtual space:
  Non-class space:       24.00 MB reserved,      18.75 MB ( 78%) committed 
      Class space:        1.00 GB reserved,       2.50 MB ( <1%) committed 
             Both:        1.02 GB reserved,      21.25 MB (  2%) committed 

Chunk freelists:
   Non-Class:  3.38 KB
       Class:  2.75 KB
        Both:  6.13 KB

CodeHeap 'non-profiled nmethods': size=120064Kb used=507Kb max_used=507Kb free=119556Kb
 bounds [0x00000249521f0000, 0x0000024952460000, 0x0000024959730000]
CodeHeap 'profiled nmethods': size=120000Kb used=3281Kb max_used=3281Kb free=116718Kb
 bounds [0x000002494acc0000, 0x000002494b000000, 0x00000249521f0000]
CodeHeap 'non-nmethods': size=5696Kb used=1115Kb max_used=1132Kb free=4580Kb
 bounds [0x000002494a730000, 0x000002494a9a0000, 0x000002494acc0000]
 total_blobs=2169 nmethods=1737 adapters=343
 compilation: enabled
              stopped_count=0, restarted_count=0
 full_count=0

Compilation events (10 events):
Event: 6.772 Thread 0x000002495e945000 nmethod 1712 0x000002494afe9910 code [0x000002494afe9b40, 0x000002494afea428]
Event: 6.774 Thread 0x000002495e945000 1713       3       org.springframework.util.Assert::state (14 bytes)
Event: 6.774 Thread 0x000002495e945000 nmethod 1713 0x000002494afea790 code [0x000002494afea940, 0x000002494afeab28]
Event: 6.774 Thread 0x000002495e945000 1714       3       java.util.ArrayList::toArray (12 bytes)
Event: 6.774 Thread 0x000002495e945000 nmethod 1714 0x000002494afeac10 code [0x000002494afeadc0, 0x000002494afeaf88]
Event: 6.774 Thread 0x000002495e945000 1715       3       java.util.ArrayList::contains (14 bytes)
Event: 6.775 Thread 0x000002495e945000 nmethod 1715 0x000002494afeb090 code [0x000002494afeb240, 0x000002494afeb448]
Event: 6.775 Thread 0x000002495e945000 1716       3       java.util.ArrayList::indexOf (11 bytes)
Event: 6.775 Thread 0x000002495e945000 nmethod 1716 0x000002494afeb510 code [0x000002494afeb6c0, 0x000002494afeb808]
Event: 6.775 Thread 0x000002495e945000 1717       3       java.lang.reflect.Method::hashCode (19 bytes)

GC Heap History (4 events):
Event: 2.983 GC heap before
{Heap before GC invocations=0 (full 0):
 garbage-first heap   total 65536K, used 14336K [0x00000000c1c00000, 0x0000000100000000)
  region size 1024K, 14 young (14336K), 0 survivors (0K)
 Metaspace       used 10487K, capacity 10598K, committed 10752K, reserved 1058816K
  class space    used 980K, capacity 1023K, committed 1024K, reserved 1048576K
}
Event: 3.052 GC heap after
{Heap after GC invocations=1 (full 0):
 garbage-first heap   total 65536K, used 3782K [0x00000000c1c00000, 0x0000000100000000)
  region size 1024K, 2 young (2048K), 2 survivors (2048K)
 Metaspace       used 10487K, capacity 10598K, committed 10752K, reserved 1058816K
  class space    used 980K, capacity 1023K, committed 1024K, reserved 1048576K
}
Event: 6.511 GC heap before
{Heap before GC invocations=1 (full 0):
 garbage-first heap   total 65536K, used 39622K [0x00000000c1c00000, 0x0000000100000000)
  region size 1024K, 38 young (38912K), 2 survivors (2048K)
 Metaspace       used 19801K, capacity 20257K, committed 20608K, reserved 1067008K
  class space    used 2132K, capacity 2331K, committed 2432K, reserved 1048576K
}
Event: 6.670 GC heap after
{Heap after GC invocations=2 (full 0):
 garbage-first heap   total 65536K, used 5651K [0x00000000c1c00000, 0x0000000100000000)
  region size 1024K, 4 young (4096K), 4 survivors (4096K)
 Metaspace       used 19801K, capacity 20257K, committed 20608K, reserved 1067008K
  class space    used 2132K, capacity 2331K, committed 2432K, reserved 1048576K
}

Deoptimization events (10 events):
Event: 3.118 Thread 0x00000249430aa800 Uncommon trap: reason=class_check action=maybe_recompile pc=0x00000249521fc180 method=java.util.HashMap.putVal(ILjava/lang/Object;Ljava/lang/Object;ZZ)Ljava/lang/Object; @ 253 c2
Event: 3.278 Thread 0x00000249430aa800 Uncommon trap: reason=class_check action=maybe_recompile pc=0x00000249521fc180 method=java.util.HashMap.putVal(ILjava/lang/Object;Ljava/lang/Object;ZZ)Ljava/lang/Object; @ 253 c2
Event: 3.279 Thread 0x00000249430aa800 Uncommon trap: reason=class_check action=maybe_recompile pc=0x00000249521fc180 method=java.util.HashMap.putVal(ILjava/lang/Object;Ljava/lang/Object;ZZ)Ljava/lang/Object; @ 253 c2
Event: 3.281 Thread 0x00000249430aa800 Uncommon trap: reason=class_check action=maybe_recompile pc=0x00000249521fc180 method=java.util.HashMap.putVal(ILjava/lang/Object;Ljava/lang/Object;ZZ)Ljava/lang/Object; @ 253 c2
Event: 3.939 Thread 0x00000249430aa800 Uncommon trap: reason=unstable_if action=reinterpret pc=0x00000249522189f4 method=java.util.HashMap.hash(Ljava/lang/Object;)I @ 1 c2
Event: 3.941 Thread 0x00000249430aa800 Uncommon trap: reason=unstable_if action=reinterpret pc=0x00000249522081ac method=java.util.HashMap.hash(Ljava/lang/Object;)I @ 1 c2
Event: 4.607 Thread 0x00000249430aa800 Uncommon trap: reason=unstable_if action=reinterpret pc=0x000002495221d4dc method=java.lang.String.startsWith(Ljava/lang/String;I)Z @ 1 c2
Event: 6.304 Thread 0x00000249430aa800 Uncommon trap: reason=unstable_if action=reinterpret pc=0x00000249522297c8 method=java.util.HashMap.hash(Ljava/lang/Object;)I @ 1 c2
Event: 6.384 Thread 0x00000249430aa800 Uncommon trap: reason=unstable_if action=reinterpret pc=0x000002495223d420 method=java.util.HashMap.putVal(ILjava/lang/Object;Ljava/lang/Object;ZZ)Ljava/lang/Object; @ 181 c2
Event: 6.384 Thread 0x00000249430aa800 Uncommon trap: reason=unstable_if action=reinterpret pc=0x0000024952225504 method=java.util.HashMap.getNode(ILjava/lang/Object;)Ljava/util/HashMap$Node; @ 129 c2

Classes redefined (0 events):
No events

Internal exceptions (10 events):
Event: 5.355 Thread 0x00000249430aa800 Exception <a 'java/lang/NoSuchMethodError'{0x00000000c460cec8}: java.lang.invoke.DirectMethodHandle$Holder.invokeVirtual(Ljava/lang/Object;Ljava/lang/Object;Ljava/lang/Object;Ljava/lang/Object;)V> (0x00000000c460cec8) thrown at [./open/src/hotspot/share/i
Event: 5.614 Thread 0x00000249430aa800 Exception <a 'java/lang/NoSuchMethodError'{0x00000000c4409bc8}: java.lang.invoke.DirectMethodHandle$Holder.invokeSpecial(Ljava/lang/Object;Ljava/lang/Object;Ljava/lang/Object;Ljava/lang/Object;Ljava/lang/Object;)V> (0x00000000c4409bc8) thrown at [./open/s
Event: 5.684 Thread 0x000002495fcb7000 Exception <a 'java/lang/NoClassDefFoundError'{0x00000000c431e008}: javax/validation/Validation> (0x00000000c431e008) thrown at [./open/src/hotspot/share/classfile/systemDictionary.cpp, line 215]
Event: 5.767 Thread 0x00000249430aa800 Exception <a 'java/lang/NoSuchMethodError'{0x00000000c43bbe18}: java.lang.invoke.DirectMethodHandle$Holder.invokeSpecialIFC(Ljava/lang/Object;Ljava/lang/Object;I)I> (0x00000000c43bbe18) thrown at [./open/src/hotspot/share/interpreter/linkResolver.cpp, lin
Event: 5.894 Thread 0x000002495fcb7000 Exception <a 'java/lang/NoSuchMethodError'{0x00000000c4016290}: java.lang.invoke.DirectMethodHandle$Holder.invokeStaticInit(Ljava/lang/Object;Ljava/lang/Object;Ljava/lang/Object;Ljava/lang/Object;Ljava/lang/Object;)Ljava/lang/Object;> (0x00000000c4016290)
Event: 5.922 Thread 0x000002495fcb7000 Exception <a 'java/lang/NoSuchMethodError'{0x00000000c4081da0}: java.lang.invoke.DirectMethodHandle$Holder.invokeSpecial(Ljava/lang/Object;Ljava/lang/Object;IILjava/lang/Object;Ljava/lang/Object;Ljava/lang/Object;)Ljava/lang/Object;> (0x00000000c4081da0) 
Event: 5.922 Thread 0x000002495fcb7000 Exception <a 'java/lang/NoSuchMethodError'{0x00000000c4085328}: java.lang.invoke.DelegatingMethodHandle$Holder.reinvoke_L(Ljava/lang/Object;IILjava/lang/Object;Ljava/lang/Object;Ljava/lang/Object;)Ljava/lang/Object;> (0x00000000c4085328) thrown at [./open
Event: 5.924 Thread 0x000002495fcb7000 Exception <a 'java/lang/NoSuchMethodError'{0x00000000c4089208}: java.lang.invoke.DirectMethodHandle$Holder.invokeStatic(Ljava/lang/Object;Ljava/lang/Object;Ljava/lang/Object;Ljava/lang/Object;I)Ljava/lang/Object;> (0x00000000c4089208) thrown at [./open/sr
Event: 6.300 Thread 0x00000249430aa800 Exception <a 'java/lang/NoSuchMethodError'{0x00000000c39228c0}: org.slf4j.impl.StaticMDCBinder.getSingleton()Lorg/slf4j/impl/StaticMDCBinder;> (0x00000000c39228c0) thrown at [./open/src/hotspot/share/interpreter/linkResolver.cpp, line 772]
Event: 6.304 Thread 0x00000249430aa800 Implicit null exception at 0x00000249522295d5 to 0x00000249522297b8

Events (10 events):
Event: 6.764 loading class com/fasterxml/jackson/databind/SerializationFeature
Event: 6.764 loading class com/fasterxml/jackson/databind/SerializationFeature done
Event: 6.769 loading class com/fasterxml/jackson/databind/cfg/ContextAttributes
Event: 6.769 loading class com/fasterxml/jackson/databind/cfg/ContextAttributes done
Event: 6.771 loading class com/fasterxml/jackson/databind/cfg/ContextAttributes$Impl
Event: 6.771 loading class com/fasterxml/jackson/databind/cfg/ContextAttributes$Impl done
Event: 6.772 loading class org/springframework/core/annotation/RepeatableContainers
Event: 6.772 loading class org/springframework/core/annotation/RepeatableContainers done
Event: 6.774 loading class com/fasterxml/jackson/databind/DeserializationFeature
Event: 6.774 loading class com/fasterxml/jackson/databind/DeserializationFeature done


Dynamic libraries:
0x00007ff66fcc0000 - 0x00007ff66fccf000 	C:\Program Files\Java\jdk-11.0.14\bin\java.exe
0x00007ffcadab0000 - 0x00007ffcadca5000 	C:\WINDOWS\SYSTEM32\ntdll.dll
0x00007ffcabcd0000 - 0x00007ffcabd8d000 	C:\WINDOWS\System32\KERNEL32.DLL
0x00007ffcab770000 - 0x00007ffcaba3d000 	C:\WINDOWS\System32\KERNELBASE.dll
0x00007ffcab670000 - 0x00007ffcab770000 	C:\WINDOWS\System32\ucrtbase.dll
0x00007ffca2d20000 - 0x00007ffca2d38000 	C:\Program Files\Java\jdk-11.0.14\bin\jli.dll
0x00007ffcad690000 - 0x00007ffcad73e000 	C:\WINDOWS\System32\ADVAPI32.dll
0x00007ffcabc30000 - 0x00007ffcabcce000 	C:\WINDOWS\System32\msvcrt.dll
0x00007ffcac8b0000 - 0x00007ffcac94c000 	C:\WINDOWS\System32\sechost.dll
0x00007ffcad0d0000 - 0x00007ffcad1f5000 	C:\WINDOWS\System32\RPCRT4.dll
0x00007ffca2d00000 - 0x00007ffca2d15000 	C:\Program Files\Java\jdk-11.0.14\bin\VCRUNTIME140.dll
0x00007ffcaca40000 - 0x00007ffcacbe0000 	C:\WINDOWS\System32\USER32.dll
0x00007ffcaba40000 - 0x00007ffcaba62000 	C:\WINDOWS\System32\win32u.dll
0x00007ffcacbe0000 - 0x00007ffcacc0a000 	C:\WINDOWS\System32\GDI32.dll
0x00007ffcab430000 - 0x00007ffcab53b000 	C:\WINDOWS\System32\gdi32full.dll
0x00007ffcab1c0000 - 0x00007ffcab25d000 	C:\WINDOWS\System32\msvcp_win.dll
0x00007ffc97f20000 - 0x00007ffc981ba000 	C:\WINDOWS\WinSxS\amd64_microsoft.windows.common-controls_6595b64144ccf1df_6.0.19041.1110_none_60b5254171f9507e\COMCTL32.dll
0x00007ffc999e0000 - 0x00007ffc999ea000 	C:\WINDOWS\SYSTEM32\VERSION.dll
0x00007ffcada40000 - 0x00007ffcada70000 	C:\WINDOWS\System32\IMM32.DLL
0x00007ffc80dc0000 - 0x00007ffc80e5b000 	C:\Program Files\Java\jdk-11.0.14\bin\msvcp140.dll
0x00007ffc50350000 - 0x00007ffc50e66000 	C:\Program Files\Java\jdk-11.0.14\bin\server\jvm.dll
0x00007ffcac8a0000 - 0x00007ffcac8a8000 	C:\WINDOWS\System32\PSAPI.DLL
0x00007ffc95eb0000 - 0x00007ffc95ed7000 	C:\WINDOWS\SYSTEM32\WINMM.dll
0x00007ffc8d480000 - 0x00007ffc8d489000 	C:\WINDOWS\SYSTEM32\WSOCK32.dll
0x00007ffcad950000 - 0x00007ffcad9bb000 	C:\WINDOWS\System32\WS2_32.dll
0x00007ffca90c0000 - 0x00007ffca90d2000 	C:\WINDOWS\SYSTEM32\kernel.appcore.dll
0x00007ffca2cf0000 - 0x00007ffca2d00000 	C:\Program Files\Java\jdk-11.0.14\bin\verify.dll
0x00007ffc9b100000 - 0x00007ffc9b2e4000 	C:\WINDOWS\SYSTEM32\DBGHELP.DLL
0x00007ffc931f0000 - 0x00007ffc9321c000 	C:\WINDOWS\SYSTEM32\dbgcore.DLL
0x00007ffcaba70000 - 0x00007ffcabaf2000 	C:\WINDOWS\System32\bcryptPrimitives.dll
0x00007ffc9d0c0000 - 0x00007ffc9d0e8000 	C:\Program Files\Java\jdk-11.0.14\bin\java.dll
0x00007ffc9d0b0000 - 0x00007ffc9d0ba000 	C:\Program Files\Java\jdk-11.0.14\bin\jimage.dll
0x00007ffca5020000 - 0x00007ffca502e000 	C:\Program Files\Java\jdk-11.0.14\bin\instrument.dll
0x00007ffc9c820000 - 0x00007ffc9c836000 	C:\Program Files\Java\jdk-11.0.14\bin\zip.dll
0x00007ffcabd90000 - 0x00007ffcac4d4000 	C:\WINDOWS\System32\SHELL32.dll
0x00007ffca92c0000 - 0x00007ffca9a54000 	C:\WINDOWS\SYSTEM32\windows.storage.dll
0x00007ffcacd10000 - 0x00007ffcad064000 	C:\WINDOWS\System32\combase.dll
0x00007ffcaabb0000 - 0x00007ffcaabdc000 	C:\WINDOWS\SYSTEM32\Wldp.dll
0x00007ffcac5c0000 - 0x00007ffcac66d000 	C:\WINDOWS\System32\SHCORE.dll
0x00007ffcacca0000 - 0x00007ffcaccf5000 	C:\WINDOWS\System32\shlwapi.dll
0x00007ffcab100000 - 0x00007ffcab11f000 	C:\WINDOWS\SYSTEM32\profapi.dll
0x00007ffc9b9f0000 - 0x00007ffc9ba09000 	C:\Program Files\Java\jdk-11.0.14\bin\net.dll
0x00007ffc9aec0000 - 0x00007ffc9afca000 	C:\WINDOWS\SYSTEM32\WINHTTP.dll
0x00007ffcaa8b0000 - 0x00007ffcaa91a000 	C:\WINDOWS\system32\mswsock.dll
0x00007ffc98320000 - 0x00007ffc98332000 	C:\Program Files\Java\jdk-11.0.14\bin\nio.dll
0x00007ffc9a740000 - 0x00007ffc9a75a000 	C:\Program Files\JetBrains\IntelliJ IDEA Community Edition 2022.1.1\bin\breakgen64.dll
0x00007ffca47e0000 - 0x00007ffca47e9000 	C:\Program Files\Java\jdk-11.0.14\bin\management.dll
0x00007ffca07f0000 - 0x00007ffca07fb000 	C:\Program Files\Java\jdk-11.0.14\bin\management_ext.dll
0x00007ffc7a040000 - 0x00007ffc7a057000 	C:\WINDOWS\system32\napinsp.dll
0x00007ffc7a020000 - 0x00007ffc7a03b000 	C:\WINDOWS\system32\pnrpnsp.dll
0x00007ffca5950000 - 0x00007ffca5965000 	C:\WINDOWS\system32\wshbth.dll
0x00007ffca6ba0000 - 0x00007ffca6bbd000 	C:\WINDOWS\system32\NLAapi.dll
0x00007ffcaa5a0000 - 0x00007ffcaa5db000 	C:\WINDOWS\SYSTEM32\IPHLPAPI.DLL
0x00007ffcaa5e0000 - 0x00007ffcaa6ab000 	C:\WINDOWS\SYSTEM32\DNSAPI.dll
0x00007ffcad200000 - 0x00007ffcad208000 	C:\WINDOWS\System32\NSI.dll
0x00007ffc79ab0000 - 0x00007ffc79ac2000 	C:\WINDOWS\System32\winrnr.dll
0x00007ffc96b50000 - 0x00007ffc96b5a000 	C:\Windows\System32\rasadhlp.dll
0x00007ffc96a40000 - 0x00007ffc96ac0000 	C:\WINDOWS\System32\fwpuclnt.dll
0x00007ffcab540000 - 0x00007ffcab567000 	C:\WINDOWS\System32\bcrypt.dll

dbghelp: loaded successfully - version: 4.0.5 - missing functions: none
symbol engine: initialized successfully - sym options: 0x614 - pdb path: .;C:\Program Files\Java\jdk-11.0.14\bin;C:\WINDOWS\SYSTEM32;C:\WINDOWS\WinSxS\amd64_microsoft.windows.common-controls_6595b64144ccf1df_6.0.19041.1110_none_60b5254171f9507e;C:\Program Files\Java\jdk-11.0.14\bin\server;C:\Program Files\JetBrains\IntelliJ IDEA Community Edition 2022.1.1\bin

VM Arguments:
jvm_args: -javaagent:C:\Program Files\JetBrains\IntelliJ IDEA Community Edition 2022.1.1\lib\idea_rt.jar=61921:C:\Program Files\JetBrains\IntelliJ IDEA Community Edition 2022.1.1\bin -Dfile.encoding=UTF-8 
java_command: com.example.demo.DemoApplication
java_class_path (initial): C:\Dev\Java\demo\target\classes;C:\Users\gfgdg\.m2\repository\org\springframework\boot\spring-boot-starter-web\2.6.7\spring-boot-starter-web-2.6.7.jar;C:\Users\gfgdg\.m2\repository\org\springframework\boot\spring-boot-starter-json\2.6.7\spring-boot-starter-json-2.6.7.jar;C:\Users\gfgdg\.m2\repository\com\fasterxml\jackson\core\jackson-databind\2.13.2.1\jackson-databind-2.13.2.1.jar;C:\Users\gfgdg\.m2\repository\com\fasterxml\jackson\core\jackson-annotations\2.13.2\jackson-annotations-2.13.2.jar;C:\Users\gfgdg\.m2\repository\com\fasterxml\jackson\core\jackson-core\2.13.2\jackson-core-2.13.2.jar;C:\Users\gfgdg\.m2\repository\com\fasterxml\jackson\datatype\jackson-datatype-jdk8\2.13.2\jackson-datatype-jdk8-2.13.2.jar;C:\Users\gfgdg\.m2\repository\com\fasterxml\jackson\datatype\jackson-datatype-jsr310\2.13.2\jackson-datatype-jsr310-2.13.2.jar;C:\Users\gfgdg\.m2\repository\com\fasterxml\jackson\module\jackson-module-parameter-names\2.13.2\jackson-module-parameter-names-2.13.2.jar;C:\Users\gfgdg\.m2\repository\org\springframework\boot\spring-boot-starter-tomcat\2.6.7\spring-boot-starter-tomcat-2.6.7.jar;C:\Users\gfgdg\.m2\repository\org\apache\tomcat\embed\tomcat-embed-core\9.0.62\tomcat-embed-core-9.0.62.jar;C:\Users\gfgdg\.m2\repository\org\apache\tomcat\embed\tomcat-embed-el\9.0.62\tomcat-embed-el-9.0.62.jar;C:\Users\gfgdg\.m2\repository\org\apache\tomcat\embed\tomcat-embed-websocket\9.0.62\tomcat-embed-websocket-9.0.62.jar;C:\Users\gfgdg\.m2\repository\org\springframework\spring-web\5.3.19\spring-web-5.3.19.jar;C:\Users\gfgdg\.m2\repository\org\springframework\spring-beans\5.3.19\spring-beans-5.3.19.jar;C:\Users\gfgdg\.m2\repository\org\springframework\spring-webmvc\5.3.19\spring-webmvc-5.3.19.jar;C:\Users\gfgdg\.m2\repository\org\springframework\spring-aop\5.3.19\spring-aop-5.3.19.jar;C:\Users\gfgdg\.m2\repository\org\springframework\spring-context\5.3.19\spring-context-5.3.19.jar;C:\Users\gfgdg\.m2\repository\org\springframework\spring-e
Launcher Type: SUN_STANDARD

[Global flags]
     intx CICompilerCount                          = 3                                         {product} {ergonomic}
     uint ConcGCThreads                            = 1                                         {product} {ergonomic}
     uint G1ConcRefinementThreads                  = 4                                         {product} {ergonomic}
   size_t G1HeapRegionSize                         = 1048576                                   {product} {ergonomic}
    uintx GCDrainStackTargetSize                   = 64                                        {product} {ergonomic}
   size_t InitialHeapSize                          = 67108864                                  {product} {ergonomic}
   size_t MarkStackSize                            = 4194304                                   {product} {ergonomic}
   size_t MaxHeapSize                              = 1044381696                                {product} {ergonomic}
   size_t MaxNewSize                               = 625999872                                 {product} {ergonomic}
   size_t MinHeapDeltaBytes                        = 1048576                                   {product} {ergonomic}
    uintx NonNMethodCodeHeapSize                   = 5830732                                {pd product} {ergonomic}
    uintx NonProfiledCodeHeapSize                  = 122913754                              {pd product} {ergonomic}
    uintx ProfiledCodeHeapSize                     = 122913754                              {pd product} {ergonomic}
    uintx ReservedCodeCacheSize                    = 251658240                              {pd product} {ergonomic}
     bool SegmentedCodeCache                       = true                                      {product} {ergonomic}
     bool UseCompressedClassPointers               = true                                 {lp64_product} {ergonomic}
     bool UseCompressedOops                        = true                                 {lp64_product} {ergonomic}
     bool UseG1GC                                  = true                                      {product} {ergonomic}
     bool UseLargePagesIndividualAllocation        = false                                  {pd product} {ergonomic}

Logging:
Log output configuration:
 #0: stdout all=warning uptime,level,tags
 #1: stderr all=off uptime,level,tags

Environment Variables:
PATH=C:\Program Files\Common Files\Oracle\Java\javapath;C:\Program Files (x86)\NVIDIA Corporation\PhysX\Common;C:\Program Files (x86)\Common Files\Oracle\Java\javapath;C:\Program Files (x86)\Intel\iCLS Client\;C:\Program Files\Intel\iCLS Client\;C:\WINDOWS\system32;C:\WINDOWS;C:\WINDOWS\System32\Wbem;C:\WINDOWS\System32\WindowsPowerShell\v1.0\;C:\Program Files (x86)\Intel\Intel(R) Management Engine Components\DAL;C:\Program Files\Intel\Intel(R) Management Engine Components\DAL;C:\Program Files (x86)\Intel\Intel(R) Management Engine Components\IPT;C:\Program Files\Intel\Intel(R) Management Engine Components\IPT;C:\Program Files (x86)\Common Files\lenovo\easyplussdk\bin;C:\WINDOWS\System32\OpenSSH\;C:\Program Files\Intel\WiFi\bin\;C:\Program Files\Common Files\Intel\WirelessCommon\;C:\Program Files\dotnet\;C:\Users\gfgdg\AppData\Local\Microsoft\WindowsApps;C:\Dev\apache-maven-3.8.5\bin;
USERNAME=gfgdg
OS=Windows_NT
PROCESSOR_IDENTIFIER=Intel64 Family 6 Model 142 Stepping 9, GenuineIntel



---------------  S Y S T E M  ---------------

OS: Windows 10 , 64 bit Build 19041 (10.0.19041.1706)

CPU:total 4 (initial active 4) (2 cores per cpu, 2 threads per core) family 6 model 142 stepping 9 microcode 0xb4, cmov, cx8, fxsr, mmx, sse, sse2, sse3, ssse3, sse4.1, sse4.2, popcnt, avx, avx2, aes, clmul, erms, rtm, 3dnowpref, lzcnt, ht, tsc, tscinvbit, bmi1, bmi2, adx, fma

Memory: 4k page, system-wide physical 3980M (237M free)
TotalPageFile size 9980M (AvailPageFile size 1M)
current process WorkingSet (physical memory assigned to process): 107M, peak: 107M
current process commit charge ("private bytes"): 157M, peak: 157M

vm_info: Java HotSpot(TM) 64-Bit Server VM (11.0.14+8-LTS-263) for windows-amd64 JRE (11.0.14+8-LTS-263), built on Dec  7 2021 21:53:57 by "mach5one" with MS VC++ 15.9 (VS2017)

END.
